<?xml version="1.0" encoding="UTF-8"?>
<testsuite xmlns:xsi="http://www.w3.org/2001/XMLSchema-instance" xsi:noNamespaceSchemaLocation="https://maven.apache.org/surefire/maven-surefire-plugin/xsd/surefire-test-report-3.0.xsd" version="3.0" name="com.example.producingwebservice.ProducingWebServiceApplicationIntegrationTests" time="3.181" tests="1" errors="0" skipped="0" failures="0">
  <properties>
[...]
</properties>
  <testcase name="testSendAndReceive" classname="com.example.producingwebservice.ProducingWebServiceApplicationIntegrationTests" time="1.067">
    <system-out><![CDATA[10:50:30.593 [main] INFO org.springframework.test.context.support.AnnotationConfigContextLoaderUtils -- Could not detect default configuration classes for test class [com.example.producingwebservice.ProducingWebServiceApplicationIntegrationTests]: ProducingWebServiceApplicationIntegrationTests does not declare any static, non-private, non-final, nested classes annotated with @Configuration.
10:50:30.702 [main] INFO org.springframework.boot.test.context.SpringBootTestContextBootstrapper -- Found @SpringBootConfiguration com.example.producingwebservice.ProducingWebServiceApplication for test class com.example.producingwebservice.ProducingWebServiceApplicationIntegrationTests

  .   ____          _            __ _ _
 /\\ / ___'_ __ _ _(_)_ __  __ _ \ \ \ \
( ( )\___ | '_ | '_| | '_ \/ _` | \ \ \ \
 \\/  ___)| |_)| | | | | || (_| |  ) ) ) )
  '  |____| .__|_| |_|_| |_\__, | / / / /
 =========|_|==============|___/=/_/_/_/
 :: Spring Boot ::                (v3.2.0)

2024-04-10T10:50:31.043+05:00  INFO 20156 --- [           main] ingWebServiceApplicationIntegrationTests : Starting ProducingWebServiceApplicationIntegrationTests using Java 21.0.2 with PID 20156 (started by Zarina in C:\Users\chiko\IdeaProjects\Spring\week9\soap-website\gs-producing-web-service\complete)
2024-04-10T10:50:31.045+05:00  INFO 20156 --- [           main] ingWebServiceApplicationIntegrationTests : No active profile set, falling back to 1 default profile: "default"
2024-04-10T10:50:31.667+05:00  WARN 20156 --- [           main] trationDelegate$BeanPostProcessorChecker : Bean 'webServiceConfig' of type [com.example.producingwebservice.WebServiceConfig$$SpringCGLIB$$0] is not eligible for getting processed by all BeanPostProcessors (for example: not eligible for auto-proxying). Is this bean getting eagerly injected into a currently created BeanPostProcessor [annotationActionEndpointMapping]? Check the corresponding BeanPostProcessor declaration and its dependencies.
2024-04-10T10:50:31.668+05:00  WARN 20156 --- [           main] trationDelegate$BeanPostProcessorChecker : Bean 'org.springframework.ws.config.annotation.DelegatingWsConfiguration' of type [org.springframework.ws.config.annotation.DelegatingWsConfiguration$$SpringCGLIB$$0] is not eligible for getting processed by all BeanPostProcessors (for example: not eligible for auto-proxying). The currently created BeanPostProcessor [annotationActionEndpointMapping] is declared through a non-static factory method on that class; consider declaring it as static instead.
2024-04-10T10:50:31.711+05:00  INFO 20156 --- [           main] .w.s.a.s.AnnotationActionEndpointMapping : Supporting [WS-Addressing August 2004, WS-Addressing 1.0]
2024-04-10T10:50:31.971+05:00  INFO 20156 --- [           main] o.s.b.w.embedded.tomcat.TomcatWebServer  : Tomcat initialized with port 0 (http)
2024-04-10T10:50:31.981+05:00  INFO 20156 --- [           main] o.apache.catalina.core.StandardService   : Starting service [Tomcat]
2024-04-10T10:50:31.981+05:00  INFO 20156 --- [           main] o.apache.catalina.core.StandardEngine    : Starting Servlet engine: [Apache Tomcat/10.1.16]
2024-04-10T10:50:32.028+05:00  INFO 20156 --- [           main] o.a.c.c.C.[Tomcat].[localhost].[/]       : Initializing Spring embedded WebApplicationContext
2024-04-10T10:50:32.029+05:00  INFO 20156 --- [           main] w.s.c.ServletWebServerApplicationContext : Root WebApplicationContext: initialization completed in 964 ms
2024-04-10T10:50:32.543+05:00  INFO 20156 --- [           main] o.s.b.w.embedded.tomcat.TomcatWebServer  : Tomcat started on port 41365 (http) with context path ''
2024-04-10T10:50:32.550+05:00  INFO 20156 --- [           main] ingWebServiceApplicationIntegrationTests : Started ProducingWebServiceApplicationIntegrationTests in 1.737 seconds (process running for 2.586)
2024-04-10T10:50:33.310+05:00  INFO 20156 --- [           main] o.s.ws.soap.saaj.SaajSoapMessageFactory  : Creating SAAJ 1.3 MessageFactory with SOAP 1.1 Protocol
2024-04-10T10:50:33.504+05:00  INFO 20156 --- [o-auto-1-exec-1] o.a.c.c.C.[Tomcat].[localhost].[/]       : Initializing Spring MessageDispatcherServlet 'messageDispatcherServlet'
2024-04-10T10:50:33.504+05:00  INFO 20156 --- [o-auto-1-exec-1] o.s.w.t.http.MessageDispatcherServlet    : Initializing Servlet 'messageDispatcherServlet'
2024-04-10T10:50:33.505+05:00  INFO 20156 --- [o-auto-1-exec-1] o.s.ws.soap.saaj.SaajSoapMessageFactory  : Creating SAAJ 1.3 MessageFactory with SOAP 1.1 Protocol
2024-04-10T10:50:33.510+05:00  INFO 20156 --- [o-auto-1-exec-1] o.s.w.t.http.MessageDispatcherServlet    : Completed initialization in 6 ms
]]></system-out>
    <system-err><![CDATA[WARNING: A Java agent has been loaded dynamically (C:\Users\chiko\.m2\repository\net\bytebuddy\byte-buddy-agent\1.14.10\byte-buddy-agent-1.14.10.jar)
WARNING: If a serviceability tool is in use, please run with -XX:+EnableDynamicAgentLoading to hide this warning
WARNING: If a serviceability tool is not in use, please run with -Djdk.instrument.traceUsage for more information
WARNING: Dynamic loading of agents will be disallowed by default in a future release
]]></system-err>
  </testcase>
</testsuite>